Loading mkl version 2021.1.1
Loading compiler-rt version 2021.1.1
Loading tbb version 2021.1.1
libi40iw-i40iw_ucreate_qp: failed to create QP, unsupported QP type: 0x4
--------------------------------------------------------------------------
Failed to create a queue pair (QP):

Hostname: cosine009
Requested max number of outstanding WRs in the SQ:                1
Requested max number of outstanding WRs in the RQ:                2
Requested max number of SGEs in a WR in the SQ:                   1023
Requested max number of SGEs in a WR in the RQ:                   1023
Requested max number of data that can be posted inline to the SQ: 0
Error:    Success

Check requested attributes.
--------------------------------------------------------------------------
--------------------------------------------------------------------------
Open MPI has detected that there are UD-capable Verbs devices on your
system, but none of them were able to be setup properly.  This may
indicate a problem on this system.

You job will continue, but Open MPI will ignore the "ud" oob component
in this run.

Hostname: cosine009
--------------------------------------------------------------------------
libi40iw-i40iw_ucreate_qp: failed to create QP, unsupported QP type: 0x4
--------------------------------------------------------------------------
WARNING: No preset parameters were found for the device that Open MPI
detected:

  Local host:            cosine009
  Device name:           i40iw0
  Device vendor ID:      0x8086
  Device vendor part ID: 14290

Default device parameters will be used, which may result in lower
performance.  You can edit any of the files specified by the
btl_openib_device_param_files MCA parameter to set values for your
device.

NOTE: You can turn off this warning by setting the MCA parameter
      btl_openib_warn_no_device_params_found to 0.
--------------------------------------------------------------------------
--------------------------------------------------------------------------
No OpenFabrics connection schemes reported that they were able to be
used on a specific port.  As such, the openib BTL (OpenFabrics
support) will be disabled for this port.

  Local host:           cosine009
  Local device:         i40iw1
  Local port:           1
  CPCs attempted:       rdmacm, udcm
--------------------------------------------------------------------------
[cosine009:253585] 1 more process has sent help message help-oob-ud.txt / create-qp-failed
[cosine009:253585] Set MCA parameter "orte_base_help_aggregate" to 0 to see all help / error messages
[cosine009:253585] 1 more process has sent help message help-oob-ud.txt / no-ports-usable
[cosine009:253585] 1 more process has sent help message help-mpi-btl-openib.txt / no device params found
